#
# There is insufficient memory for the Java Runtime Environment to continue.
# Native memory allocation (malloc) failed to allocate 32744 bytes for ChunkPool::allocate
# Possible reasons:
#   The system is out of physical RAM or swap space
#   The process is running with CompressedOops enabled, and the Java Heap may be blocking the growth of the native heap
# Possible solutions:
#   Reduce memory load on the system
#   Increase physical memory or swap space
#   Check if swap backing store is full
#   Decrease Java heap size (-Xmx/-Xms)
#   Decrease number of Java threads
#   Decrease Java thread stack sizes (-Xss)
#   Set larger code cache with -XX:ReservedCodeCacheSize=
#   JVM is running with Unscaled Compressed Oops mode in which the Java heap is
#     placed in the first 4GB address space. The Java Heap base address is the
#     maximum limit for the native heap growth. Please use -XX:HeapBaseMinAddress
#     to set the Java Heap base and to place the Java Heap above 4GB virtual address.
# This output file may be truncated or incomplete.
#
#  Out of Memory Error (allocation.cpp:272), pid=3632, tid=0x0000000000002560
#
# JRE version: Java(TM) SE Runtime Environment (8.0_231-b11) (build 1.8.0_231-b11)
# Java VM: Java HotSpot(TM) 64-Bit Server VM (25.231-b11 mixed mode windows-amd64 compressed oops)
# Failed to write core dump. Minidumps are not enabled by default on client versions of Windows
#

---------------  T H R E A D  ---------------

Current thread (0x00000000196de000):  JavaThread "C1 CompilerThread3" daemon [_thread_in_native, id=9568, stack(0x000000001a2d0000,0x000000001a3d0000)]

Stack: [0x000000001a2d0000,0x000000001a3d0000]
[error occurred during error reporting (printing stack bounds), id 0xc0000005]

Native frames: (J=compiled Java code, j=interpreted, Vv=VM code, C=native code)


Current CompileTask:
C1:  19215 1116   !   3       java.awt.DefaultKeyboardFocusManager::dispatchEvent (1645 bytes)


---------------  P R O C E S S  ---------------

Java Threads: ( => current thread )
  0x000000001a911800 JavaThread "TimerQueue" daemon [_thread_blocked, id=10924, stack(0x000000001d2c0000,0x000000001d3c0000)]
  0x00000000026de800 JavaThread "DestroyJavaVM" [_thread_blocked, id=13488, stack(0x0000000002700000,0x0000000002800000)]
  0x000000001a840000 JavaThread "AWT-EventQueue-0" [_thread_blocked, id=14128, stack(0x000000001bd80000,0x000000001be80000)]
  0x000000001a7bf800 JavaThread "AWT-Windows" daemon [_thread_in_native, id=11508, stack(0x000000001b220000,0x000000001b320000)]
  0x000000001a7b9000 JavaThread "AWT-Shutdown" [_thread_blocked, id=11244, stack(0x000000001b120000,0x000000001b220000)]
  0x000000001a7b8000 JavaThread "Java2D Disposer" daemon [_thread_blocked, id=11052, stack(0x000000001af20000,0x000000001b020000)]
  0x00000000196e3000 JavaThread "Service Thread" daemon [_thread_blocked, id=13924, stack(0x000000001a3d0000,0x000000001a4d0000)]
=>0x00000000196de000 JavaThread "C1 CompilerThread3" daemon [_thread_in_native, id=9568, stack(0x000000001a2d0000,0x000000001a3d0000)]
  0x00000000196d7800 JavaThread "C2 CompilerThread2" daemon [_thread_blocked, id=14996, stack(0x000000001a1d0000,0x000000001a2d0000)]
  0x00000000196d6800 JavaThread "C2 CompilerThread1" daemon [_thread_blocked, id=13372, stack(0x000000001a0d0000,0x000000001a1d0000)]
  0x00000000196d2800 JavaThread "C2 CompilerThread0" daemon [_thread_blocked, id=276, stack(0x0000000019fd0000,0x000000001a0d0000)]
  0x00000000196d0800 JavaThread "Attach Listener" daemon [_thread_blocked, id=10204, stack(0x0000000019ed0000,0x0000000019fd0000)]
  0x00000000178de800 JavaThread "Signal Dispatcher" daemon [_thread_blocked, id=14872, stack(0x0000000019dd0000,0x0000000019ed0000)]
  0x00000000196c1800 JavaThread "Finalizer" daemon [_thread_blocked, id=15112, stack(0x0000000019ba0000,0x0000000019ca0000)]
  0x00000000196c0800 JavaThread "Reference Handler" daemon [_thread_blocked, id=14556, stack(0x0000000019aa0000,0x0000000019ba0000)]

Other Threads:
  0x00000000178c9800 VMThread [stack: 0x00000000195a0000,0x00000000196a0000] [id=13744]
  0x0000000019744800 WatcherThread [stack: 0x000000001a4d0000,0x000000001a5d0000] [id=8004]

VM state:not at safepoint (normal execution)

VM Mutex/Monitor currently owned by a thread: None

heap address: 0x0000000081c00000, size: 2020 MB, Compressed Oops mode: 32-bit
Narrow klass base: 0x0000000000000000, Narrow klass shift: 3
Compressed class space size: 1073741824 Address: 0x0000000100000000

Heap:
 PSYoungGen      total 38400K, used 11708K [0x00000000d5f00000, 0x00000000d8980000, 0x0000000100000000)
  eden space 33280K, 35% used [0x00000000d5f00000,0x00000000d6a6f0e8,0x00000000d7f80000)
  from space 5120K, 0% used [0x00000000d8480000,0x00000000d8480000,0x00000000d8980000)
  to   space 5120K, 0% used [0x00000000d7f80000,0x00000000d7f80000,0x00000000d8480000)
 ParOldGen       total 87552K, used 0K [0x0000000081c00000, 0x0000000087180000, 0x00000000d5f00000)
  object space 87552K, 0% used [0x0000000081c00000,0x0000000081c00000,0x0000000087180000)
 Metaspace       used 12139K, capacity 12398K, committed 12672K, reserved 1060864K
  class space    used 1452K, capacity 1547K, committed 1664K, reserved 1048576K

Card table byte_map: [0x0000000011ce0000,0x00000000120e0000] byte_map_base: 0x00000000118d2000

Marking Bits: (ParMarkBitMap*) 0x0000000050cf6d90
 Begin Bits: [0x0000000012b90000, 0x0000000014b20000)
 End Bits:   [0x0000000014b20000, 0x0000000016ab0000)

Polling page: 0x00000000026e0000

CodeCache: size=245760Kb used=3437Kb max_used=3437Kb free=242322Kb
 bounds [0x0000000002920000, 0x0000000002c80000, 0x0000000011920000]
 total_blobs=1612 nmethods=1115 adapters=409
 compilation: enabled

Compilation events (10 events):
Event: 18.886 Thread 0x00000000196de000 nmethod 1111 0x0000000002c77c50 code [0x0000000002c77ec0, 0x0000000002c79288]
Event: 18.886 Thread 0x00000000196de000 1112       3       javax.swing.text.BoxView::setSize (41 bytes)
Event: 18.887 Thread 0x00000000196de000 nmethod 1112 0x0000000002c7a290 code [0x0000000002c7a440, 0x0000000002c7ab08]
Event: 18.887 Thread 0x00000000196de000 1113       3       javax.swing.text.BoxView::layout (15 bytes)
Event: 18.887 Thread 0x00000000196de000 nmethod 1113 0x0000000002c77750 code [0x0000000002c778c0, 0x0000000002c77b98]
Event: 18.969 Thread 0x00000000196de000 1114       3       java.awt.EventQueue$4::run (5 bytes)
Event: 18.969 Thread 0x00000000196de000 nmethod 1114 0x0000000002c7ac90 code [0x0000000002c7ae80, 0x0000000002c7b538]
Event: 18.969 Thread 0x00000000196de000 1115       3       java.awt.EventQueue$4::run (19 bytes)
Event: 18.970 Thread 0x00000000196de000 nmethod 1115 0x0000000002c7b9d0 code [0x0000000002c7bbc0, 0x0000000002c7c1f8]
Event: 19.129 Thread 0x00000000196de000 1116   !   3       java.awt.DefaultKeyboardFocusManager::dispatchEvent (1645 bytes)

GC Heap History (0 events):
No events

Deoptimization events (10 events):
Event: 0.288 Thread 0x00000000026de800 Uncommon trap: reason=unstable_if action=reinterpret pc=0x0000000002a34844 method=java.lang.String.equals(Ljava/lang/Object;)Z @ 2
Event: 0.308 Thread 0x00000000026de800 Uncommon trap: reason=unstable_if action=reinterpret pc=0x0000000002a40878 method=java.lang.String.hashCode()I @ 14
Event: 1.918 Thread 0x00000000026de800 Uncommon trap: reason=null_check action=make_not_entrant pc=0x0000000002aa4328 method=java.lang.String.equals(Ljava/lang/Object;)Z @ 8
Event: 4.699 Thread 0x000000001a840000 Uncommon trap: reason=class_check action=maybe_recompile pc=0x0000000002abbba8 method=java.lang.String.equals(Ljava/lang/Object;)Z @ 8
Event: 4.699 Thread 0x000000001a840000 Uncommon trap: reason=class_check action=maybe_recompile pc=0x0000000002abbba8 method=java.lang.String.equals(Ljava/lang/Object;)Z @ 8
Event: 5.296 Thread 0x000000001a840000 Uncommon trap: reason=class_check action=maybe_recompile pc=0x0000000002abbba8 method=java.lang.String.equals(Ljava/lang/Object;)Z @ 8
Event: 5.296 Thread 0x000000001a840000 Uncommon trap: reason=class_check action=maybe_recompile pc=0x0000000002abbba8 method=java.lang.String.equals(Ljava/lang/Object;)Z @ 8
Event: 5.301 Thread 0x000000001a840000 Uncommon trap: reason=class_check action=maybe_recompile pc=0x0000000002b552e8 method=java.io.DataInputStream.readChar()C @ 4
Event: 5.302 Thread 0x000000001a840000 Uncommon trap: reason=class_check action=maybe_recompile pc=0x0000000002b552e8 method=java.io.DataInputStream.readChar()C @ 4
Event: 5.302 Thread 0x000000001a840000 Uncommon trap: reason=class_check action=maybe_recompile pc=0x0000000002b552e8 method=java.io.DataInputStream.readChar()C @ 4

Classes redefined (0 events):
No events

Internal exceptions (10 events):
Event: 0.515 Thread 0x00000000026de800 Exception <a 'java/security/PrivilegedActionException'> (0x00000000d607cdf8) thrown at [C:\re\workspace\8-2-build-windows-amd64-cygwin\jdk8u231\13620\hotspot\src\share\vm\prims\jvm.cpp, line 1502]
Event: 0.517 Thread 0x00000000026de800 Exception <a 'java/security/PrivilegedActionException'> (0x00000000d6080d08) thrown at [C:\re\workspace\8-2-build-windows-amd64-cygwin\jdk8u231\13620\hotspot\src\share\vm\prims\jvm.cpp, line 1502]
Event: 0.517 Thread 0x00000000026de800 Exception <a 'java/security/PrivilegedActionException'> (0x00000000d6080f18) thrown at [C:\re\workspace\8-2-build-windows-amd64-cygwin\jdk8u231\13620\hotspot\src\share\vm\prims\jvm.cpp, line 1502]
Event: 0.604 Thread 0x00000000026de800 Exception <a 'java/io/FileNotFoundException'> (0x00000000d6087628) thrown at [C:\re\workspace\8-2-build-windows-amd64-cygwin\jdk8u231\13620\hotspot\src\share\vm\prims\jni.cpp, line 710]
Event: 0.681 Thread 0x00000000026de800 Exception <a 'java/lang/NoSuchFieldError': method resolution failed> (0x00000000d6157e60) thrown at [C:\re\workspace\8-2-build-windows-amd64-cygwin\jdk8u231\13620\hotspot\src\share\vm\prims\methodHandles.cpp, line 1167]
Event: 0.684 Thread 0x00000000026de800 Exception <a 'java/lang/NoSuchFieldError': method resolution failed> (0x00000000d61651b0) thrown at [C:\re\workspace\8-2-build-windows-amd64-cygwin\jdk8u231\13620\hotspot\src\share\vm\prims\methodHandles.cpp, line 1167]
Event: 0.745 Thread 0x00000000026de800 Exception <a 'java/io/FileNotFoundException'> (0x00000000d62006b0) thrown at [C:\re\workspace\8-2-build-windows-amd64-cygwin\jdk8u231\13620\hotspot\src\share\vm\prims\jni.cpp, line 710]
Event: 1.918 Thread 0x00000000026de800 Implicit null exception at 0x0000000002aa4155 to 0x0000000002aa4319
Event: 2.262 Thread 0x00000000026de800 Exception <a 'java/io/FileNotFoundException'> (0x00000000d65d15c0) thrown at [C:\re\workspace\8-2-build-windows-amd64-cygwin\jdk8u231\13620\hotspot\src\share\vm\prims\jni.cpp, line 710]
Event: 2.631 Thread 0x00000000026de800 Exception <a 'java/io/FileNotFoundException'> (0x00000000d6608cd0) thrown at [C:\re\workspace\8-2-build-windows-amd64-cygwin\jdk8u231\13620\hotspot\src\share\vm\prims\jni.cpp, line 710]

Events (10 events):
Event: 5.842 loading class javax/swing/text/GapContent$RemoveUndo done
Event: 5.999 loading class javax/swing/text/GapContent$UndoPosRef
Event: 5.999 loading class javax/swing/text/GapContent$UndoPosRef done
Event: 7.092 Thread 0x000000001a829800 Thread exited: 0x000000001a829800
Event: 8.213 loading class sun/awt/windows/WInputMethod$1
Event: 8.221 loading class sun/awt/windows/WInputMethod$1 done
Event: 17.604 loading class javax/swing/text/DefaultHighlighter$LayeredHighlightInfo
Event: 17.604 loading class javax/swing/text/DefaultHighlighter$HighlightInfo
Event: 17.604 loading class javax/swing/text/DefaultHighlighter$HighlightInfo done
Event: 17.604 loading class javax/swing/text/DefaultHighlighter$LayeredHighlightInfo done


Dynamic libraries:
0x00007ff61ea50000 - 0x00007ff61ea87000 	C:\Program Files\Java\jdk1.8.0_231\bin\java.exe
0x00007ffacc760000 - 0x00007ffacc950000 	C:\WINDOWS\SYSTEM32\ntdll.dll
0x00007ffacbce0000 - 0x00007ffacbd92000 	C:\WINDOWS\System32\KERNEL32.DLL
0x00007ffac96f0000 - 0x00007ffac9993000 	C:\WINDOWS\System32\KERNELBASE.dll
0x00007ffacbf80000 - 0x00007ffacc023000 	C:\WINDOWS\System32\ADVAPI32.dll
0x00007ffacb9d0000 - 0x00007ffacba6e000 	C:\WINDOWS\System32\msvcrt.dll
0x00007ffacbad0000 - 0x00007ffacbb67000 	C:\WINDOWS\System32\sechost.dll
0x00007ffacb8b0000 - 0x00007ffacb9d0000 	C:\WINDOWS\System32\RPCRT4.dll
0x00007ffacaf50000 - 0x00007ffacb0e4000 	C:\WINDOWS\System32\USER32.dll
0x00007ffac99a0000 - 0x00007ffac99c1000 	C:\WINDOWS\System32\win32u.dll
0x00007ffacbda0000 - 0x00007ffacbdc6000 	C:\WINDOWS\System32\GDI32.dll
0x00007ffac9cf0000 - 0x00007ffac9e84000 	C:\WINDOWS\System32\gdi32full.dll
0x00007ffaca710000 - 0x00007ffaca7ae000 	C:\WINDOWS\System32\msvcp_win.dll
0x00007ffac9ba0000 - 0x00007ffac9c9a000 	C:\WINDOWS\System32\ucrtbase.dll
0x00007ffaa63b0000 - 0x00007ffaa6635000 	C:\WINDOWS\WinSxS\amd64_microsoft.windows.common-controls_6595b64144ccf1df_6.0.18362.720_none_e6beb5c51314836b\COMCTL32.dll
0x00007ffaca830000 - 0x00007ffacab66000 	C:\WINDOWS\System32\combase.dll
0x00007ffac99d0000 - 0x00007ffac9a50000 	C:\WINDOWS\System32\bcryptPrimitives.dll
0x00007ffacb270000 - 0x00007ffacb29e000 	C:\WINDOWS\System32\IMM32.DLL
0x00000000503f0000 - 0x00000000504c2000 	C:\Program Files\Java\jdk1.8.0_231\jre\bin\msvcr100.dll
0x00000000504d0000 - 0x0000000050d76000 	C:\Program Files\Java\jdk1.8.0_231\jre\bin\server\jvm.dll
0x00007ffacace0000 - 0x00007ffacace8000 	C:\WINDOWS\System32\PSAPI.DLL
0x00007ffac6020000 - 0x00007ffac6029000 	C:\WINDOWS\SYSTEM32\WSOCK32.dll
0x00007ffac24e0000 - 0x00007ffac2504000 	C:\WINDOWS\SYSTEM32\WINMM.dll
0x00007ffacbc70000 - 0x00007ffacbcdf000 	C:\WINDOWS\System32\WS2_32.dll
0x00007ffac5e30000 - 0x00007ffac5e3a000 	C:\WINDOWS\SYSTEM32\VERSION.dll
0x00007ffac22a0000 - 0x00007ffac22cd000 	C:\WINDOWS\SYSTEM32\WINMMBASE.dll
0x00007ffac9ca0000 - 0x00007ffac9cea000 	C:\WINDOWS\System32\cfgmgr32.dll
0x00007ffabed50000 - 0x00007ffabed5f000 	C:\Program Files\Java\jdk1.8.0_231\jre\bin\verify.dll
0x00007ffaa1e20000 - 0x00007ffaa1e49000 	C:\Program Files\Java\jdk1.8.0_231\jre\bin\java.dll
0x00007ffabe730000 - 0x00007ffabe746000 	C:\Program Files\Java\jdk1.8.0_231\jre\bin\zip.dll
0x00007ffacc030000 - 0x00007ffacc715000 	C:\WINDOWS\System32\SHELL32.dll
0x00007ffacb0f0000 - 0x00007ffacb199000 	C:\WINDOWS\System32\shcore.dll
0x00007ffac9ee0000 - 0x00007ffaca660000 	C:\WINDOWS\System32\windows.storage.dll
0x00007ffac9630000 - 0x00007ffac9653000 	C:\WINDOWS\System32\profapi.dll
0x00007ffac9660000 - 0x00007ffac96aa000 	C:\WINDOWS\System32\powrprof.dll
0x00007ffac9620000 - 0x00007ffac9630000 	C:\WINDOWS\System32\UMPDC.dll
0x00007ffacb2a0000 - 0x00007ffacb2f2000 	C:\WINDOWS\System32\shlwapi.dll
0x00007ffac96b0000 - 0x00007ffac96c1000 	C:\WINDOWS\System32\kernel.appcore.dll
0x00007ffac9ec0000 - 0x00007ffac9ed7000 	C:\WINDOWS\System32\cryptsp.dll
0x00007ffaa1740000 - 0x00007ffaa18da000 	C:\Program Files\Java\jdk1.8.0_231\jre\bin\awt.dll
0x00007ffacb1a0000 - 0x00007ffacb264000 	C:\WINDOWS\System32\OLEAUT32.dll
0x00007ffac7b80000 - 0x00007ffac7c0f000 	C:\WINDOWS\SYSTEM32\apphelp.dll
0x00007ffac7de0000 - 0x00007ffac7e0d000 	C:\WINDOWS\system32\DWMAPI.DLL
0x00007ffac7d10000 - 0x00007ffac7da9000 	C:\WINDOWS\system32\uxtheme.dll
0x00007ffa88170000 - 0x00007ffa882c6000 	C:\WINDOWS\system32\opengl32.dll
0x00007ffa885c0000 - 0x00007ffa885ec000 	C:\WINDOWS\SYSTEM32\GLU32.dll
0x00007ffac8290000 - 0x00007ffac82b0000 	C:\WINDOWS\SYSTEM32\dxcore.dll
0x00007ffacadb0000 - 0x00007ffacaee6000 	C:\WINDOWS\System32\MSCTF.dll
0x00007ffa75960000 - 0x00007ffa75999000 	C:\Program Files\Nahimic\Nahimic2\UserInterface\x64\Nahimic2DevProps.dll
0x00007ffacab70000 - 0x00007ffacacc7000 	C:\WINDOWS\System32\ole32.dll
0x00007ffa93600000 - 0x00007ffa9364e000 	C:\Program Files\Nahimic\Nahimic2\UserInterface\x64\Nahimic2OSD.dll
0x00007ffacad00000 - 0x00007ffacada2000 	C:\WINDOWS\System32\clbcatq.dll
0x00007ffac4940000 - 0x00007ffac49b2000 	C:\WINDOWS\System32\MMDevApi.dll
0x00007ffac9420000 - 0x00007ffac944a000 	C:\WINDOWS\System32\DEVOBJ.dll
0x00007ffac49c0000 - 0x00007ffac4b1d000 	C:\WINDOWS\SYSTEM32\AUDIOSES.DLL
0x00007ffac45d0000 - 0x00007ffac4723000 	C:\WINDOWS\SYSTEM32\wintypes.dll
0x00007ffac5c90000 - 0x00007ffac5d7f000 	C:\WINDOWS\SYSTEM32\PropSys.dll
0x00007ffaa1fe0000 - 0x00007ffaa2029000 	C:\Program Files\Java\jdk1.8.0_231\jre\bin\fontmanager.dll
0x00007ffabd050000 - 0x00007ffabd1ff000 	C:\WINDOWS\SYSTEM32\WindowsCodecs.dll
0x00007ffa86280000 - 0x00007ffa862ba000 	C:\WINDOWS\system32\dataexchange.dll
0x00007ffac6c70000 - 0x00007ffac6ecb000 	C:\WINDOWS\system32\d3d11.dll
0x00007ffac7330000 - 0x00007ffac750b000 	C:\WINDOWS\system32\dcomp.dll
0x00007ffac82b0000 - 0x00007ffac839b000 	C:\WINDOWS\system32\dxgi.dll
0x00007ffac6450000 - 0x00007ffac66aa000 	C:\WINDOWS\system32\twinapi.appcore.dll
0x00007ffac7ec0000 - 0x00007ffac7ee9000 	C:\WINDOWS\system32\RMCLIENT.dll
0x00007ffaa20d0000 - 0x00007ffaa20ea000 	C:\Program Files\Java\jdk1.8.0_231\jre\bin\net.dll
0x00007ffac8e90000 - 0x00007ffac8ef7000 	C:\WINDOWS\system32\mswsock.dll
0x00007ffaa1e00000 - 0x00007ffaa1e12000 	C:\Program Files\Java\jdk1.8.0_231\jre\bin\nio.dll
0x00007ffaa1db0000 - 0x00007ffaa1df2000 	C:\Program Files\Java\jdk1.8.0_231\jre\bin\t2k.dll
0x00007ffa95da0000 - 0x00007ffa95e3e000 	C:\WINDOWS\System32\TextInputFramework.dll
0x00007ffabd4d0000 - 0x00007ffabd7fa000 	C:\WINDOWS\System32\CoreUIComponents.dll
0x00007ffac7a70000 - 0x00007ffac7b44000 	C:\WINDOWS\System32\CoreMessaging.dll
0x00007ffac8460000 - 0x00007ffac8491000 	C:\WINDOWS\SYSTEM32\ntmarta.dll
0x00007ffabcda0000 - 0x00007ffabd046000 	C:\WINDOWS\System32\iertutil.dll

VM Arguments:
jvm_args: -Dfile.encoding=UTF-8 
java_command: internetcafemanagementsystem.Run
java_class_path (initial): C:\Users\Gee\Desktop\poi\commons-codec-1.10.jar;C:\Users\Gee\Desktop\poi\curvesapi-1.04.jar;C:\Users\Gee\Desktop\poi\poi-ooxml-3.15.jar;C:\Users\Gee\Desktop\poi\poi-ooxml-schemas-3.15.jar;C:\Users\Gee\Desktop\poi\rs2xml.jar;C:\Users\Gee\Desktop\poi\stax-api-1.0.1.jar;C:\Users\Gee\Desktop\poi\xmlbeans-2.6.0.jar;C:\Program Files\NetBeans 8.2\java\modules\ext\AbsoluteLayout.jar;C:\Users\Gee\Desktop\poi\commons-collections4-4.1.jar;C:\Users\Gee\Desktop\poi\mysql-connector-java-5.1.44-bin (1).jar;C:\Users\Gee\Desktop\poi\poi-3.15.jar;C:\Users\Gee\Documents\NetBeansProjects\InternetCafeManagementSystem\build\classes
Launcher Type: SUN_STANDARD

Environment Variables:
PATH=C:\Program Files (x86)\Common Files\Oracle\Java\javapath;C:\Windows\system32;C:\Windows;C:\Windows\System32\Wbem;C:\Windows\System32\WindowsPowerShell\v1.0\;C:\Windows\System32\OpenSSH\;C:\Program Files (x86)\NVIDIA Corporation\PhysX\Common;C:\Program Files\Intel\WiFi\bin\;C:\Program Files\Common Files\Intel\WirelessCommon\;C:\Program Files\Microsoft SQL Server\110\Tools\Binn\;C:\Program Files\Microsoft SQL Server\120\Tools\Binn\;C:\WINDOWS\system32;C:\WINDOWS;C:\WINDOWS\System32\Wbem;C:\WINDOWS\System32\WindowsPowerShell\v1.0\;C:\WINDOWS\System32\OpenSSH\;C:\Program Files\nodejs\;C:\Program Files\dotnet\;C:\Program Files\Microsoft SQL Server\130\Tools\Binn\;C:\Program Files\Microsoft SQL Server\Client SDK\ODBC\170\Tools\Binn\;C:\Program Files\Microsoft SQL Server\Client SDK\ODBC\130\Tools\Binn\;C:\Program Files (x86)\Microsoft SQL Server\140\Tools\Binn\;C:\Program Files\Microsoft SQL Server\140\Tools\Binn\;C:\Program Files\Microsoft SQL Server\140\DTS\Binn\;C:\Program Files (x86)\Microsoft SQL Server\150\DTS\Binn\;C:\Users\Gee\AppData\Local\Microsoft\WindowsApps;C:\Program Files\Intel\WiFi\bin\;C:\Program Files\Common Files\Intel\WirelessCommon\;C:\Users\Gee\AppData\Roaming\npm;C:\AppServ\Apache24\bin;C:\AppServ\php7;C:\AppServ\MySQL\bin
USERNAME=Gee
OS=Windows_NT
PROCESSOR_IDENTIFIER=Intel64 Family 6 Model 94 Stepping 3, GenuineIntel



---------------  S Y S T E M  ---------------

OS: Windows 10.0 , 64 bit Build 18362 (10.0.18362.329)

CPU:total 8 (initial active 8) (4 cores per cpu, 2 threads per core) family 6 model 94 stepping 3, cmov, cx8, fxsr, mmx, sse, sse2, sse3, ssse3, sse4.1, sse4.2, popcnt, avx, avx2, aes, clmul, erms, rtm, 3dnowpref, lzcnt, ht, tsc, tscinvbit, bmi1, bmi2, adx

Memory: 4k page, physical 8269268k(948624k free), swap 33435092k(8772k free)

vm_info: Java HotSpot(TM) 64-Bit Server VM (25.231-b11) for windows-amd64 JRE (1.8.0_231-b11), built on Oct  5 2019 03:11:30 by "java_re" with MS VC++ 10.0 (VS2010)

time: Sat Mar 14 21:27:24 2020
timezone: SE Asia Standard Time
elapsed time: 19 seconds (0d 0h 0m 19s)

