#
# There is insufficient memory for the Java Runtime Environment to continue.
# Native memory allocation (malloc) failed to allocate 32744 bytes for ChunkPool::allocate
# Possible reasons:
#   The system is out of physical RAM or swap space
#   The process is running with CompressedOops enabled, and the Java Heap may be blocking the growth of the native heap
# Possible solutions:
#   Reduce memory load on the system
#   Increase physical memory or swap space
#   Check if swap backing store is full
#   Decrease Java heap size (-Xmx/-Xms)
#   Decrease number of Java threads
#   Decrease Java thread stack sizes (-Xss)
#   Set larger code cache with -XX:ReservedCodeCacheSize=
#   JVM is running with Unscaled Compressed Oops mode in which the Java heap is
#     placed in the first 4GB address space. The Java Heap base address is the
#     maximum limit for the native heap growth. Please use -XX:HeapBaseMinAddress
#     to set the Java Heap base and to place the Java Heap above 4GB virtual address.
# This output file may be truncated or incomplete.
#
#  Out of Memory Error (allocation.cpp:272), pid=3084, tid=0x00000000000004c4
#
# JRE version: Java(TM) SE Runtime Environment (8.0_231-b11) (build 1.8.0_231-b11)
# Java VM: Java HotSpot(TM) 64-Bit Server VM (25.231-b11 mixed mode windows-amd64 compressed oops)
# Failed to write core dump. Minidumps are not enabled by default on client versions of Windows
#

---------------  T H R E A D  ---------------

Current thread (0x00000000195da800):  JavaThread "C2 CompilerThread2" daemon [_thread_in_native, id=1220, stack(0x000000001a0a0000,0x000000001a1a0000)]

Stack: [0x000000001a0a0000,0x000000001a1a0000]
[error occurred during error reporting (printing stack bounds), id 0xc0000005]

Native frames: (J=compiled Java code, j=interpreted, Vv=VM code, C=native code)


Current CompileTask:
C2: 106195 3245 % !   4       sun.awt.image.PNGImageDecoder::produceImage @ 960 (1916 bytes)


---------------  P R O C E S S  ---------------

Java Threads: ( => current thread )
  0x000000001a87d800 JavaThread "Image Fetcher 0" daemon [_thread_blocked, id=12940, stack(0x000000001f3b0000,0x000000001f4b0000)]
  0x000000001a87b000 JavaThread "RemotePrinterListener" daemon [_thread_blocked, id=11700, stack(0x000000001b9d0000,0x000000001bad0000)]
  0x000000001a87a800 JavaThread "PrinterListener" daemon [_thread_in_native, id=9068, stack(0x000000001b3c0000,0x000000001b4c0000)]
  0x0000000019896000 JavaThread "Abandoned connection cleanup thread" daemon [_thread_blocked, id=12796, stack(0x000000001bba0000,0x000000001bca0000)]
  0x000000001a86c800 JavaThread "TimerQueue" daemon [_thread_blocked, id=11668, stack(0x000000001d1e0000,0x000000001d2e0000)]
  0x000000000261e800 JavaThread "DestroyJavaVM" [_thread_blocked, id=7936, stack(0x0000000002660000,0x0000000002760000)]
  0x000000001a773000 JavaThread "AWT-EventQueue-0" [_thread_in_native, id=8204, stack(0x000000001bca0000,0x000000001bda0000)]
  0x000000001a772800 JavaThread "AWT-Shutdown" [_thread_blocked, id=9860, stack(0x000000001af10000,0x000000001b010000)]
  0x000000001a6f0000 JavaThread "AWT-Windows" daemon [_thread_in_native, id=7304, stack(0x000000001b010000,0x000000001b110000)]
  0x000000001a6eb800 JavaThread "Java2D Disposer" daemon [_thread_blocked, id=12196, stack(0x000000001ade0000,0x000000001aee0000)]
  0x0000000019658000 JavaThread "Service Thread" daemon [_thread_blocked, id=12360, stack(0x000000001a2a0000,0x000000001a3a0000)]
  0x0000000019605800 JavaThread "C1 CompilerThread3" daemon [_thread_blocked, id=12460, stack(0x000000001a1a0000,0x000000001a2a0000)]
=>0x00000000195da800 JavaThread "C2 CompilerThread2" daemon [_thread_in_native, id=1220, stack(0x000000001a0a0000,0x000000001a1a0000)]
  0x00000000195d8000 JavaThread "C2 CompilerThread1" daemon [_thread_blocked, id=6648, stack(0x0000000019fa0000,0x000000001a0a0000)]
  0x00000000195d3800 JavaThread "C2 CompilerThread0" daemon [_thread_blocked, id=12356, stack(0x0000000019ea0000,0x0000000019fa0000)]
  0x00000000195d1800 JavaThread "Attach Listener" daemon [_thread_blocked, id=11676, stack(0x0000000019da0000,0x0000000019ea0000)]
  0x00000000195d0000 JavaThread "Signal Dispatcher" daemon [_thread_blocked, id=2780, stack(0x0000000019ca0000,0x0000000019da0000)]
  0x000000000285e800 JavaThread "Finalizer" daemon [_thread_blocked, id=12920, stack(0x0000000019aa0000,0x0000000019ba0000)]
  0x00000000195c0800 JavaThread "Reference Handler" daemon [_thread_blocked, id=11332, stack(0x00000000199a0000,0x0000000019aa0000)]

Other Threads:
  0x00000000177d9800 VMThread [stack: 0x00000000194a0000,0x00000000195a0000] [id=10696]
  0x0000000019679800 WatcherThread [stack: 0x000000001a3a0000,0x000000001a4a0000] [id=7864]

VM state:not at safepoint (normal execution)

VM Mutex/Monitor currently owned by a thread: None

heap address: 0x0000000081c00000, size: 2020 MB, Compressed Oops mode: 32-bit
Narrow klass base: 0x0000000000000000, Narrow klass shift: 3
Compressed class space size: 1073741824 Address: 0x0000000100000000

Heap:
 PSYoungGen      total 38400K, used 30899K [0x00000000d5f00000, 0x00000000d8980000, 0x0000000100000000)
  eden space 33280K, 92% used [0x00000000d5f00000,0x00000000d7d2ce38,0x00000000d7f80000)
  from space 5120K, 0% used [0x00000000d8480000,0x00000000d8480000,0x00000000d8980000)
  to   space 5120K, 0% used [0x00000000d7f80000,0x00000000d7f80000,0x00000000d8480000)
 ParOldGen       total 47616K, used 9423K [0x0000000081c00000, 0x0000000084a80000, 0x00000000d5f00000)
  object space 47616K, 19% used [0x0000000081c00000,0x0000000082533e68,0x0000000084a80000)
 Metaspace       used 24085K, capacity 24470K, committed 24832K, reserved 1071104K
  class space    used 2886K, capacity 3013K, committed 3072K, reserved 1048576K

Card table byte_map: [0x0000000011c20000,0x0000000012020000] byte_map_base: 0x0000000011812000

Marking Bits: (ParMarkBitMap*) 0x0000000076856d90
 Begin Bits: [0x0000000012ad0000, 0x0000000014a60000)
 End Bits:   [0x0000000014a60000, 0x00000000169f0000)

Polling page: 0x00000000005f0000

CodeCache: size=245760Kb used=9684Kb max_used=9684Kb free=236075Kb
 bounds [0x0000000002860000, 0x00000000031e0000, 0x0000000011860000]
 total_blobs=3681 nmethods=3015 adapters=576
 compilation: enabled

Compilation events (10 events):
Event: 106.014 Thread 0x0000000019605800 3253       3       javax.swing.text.AbstractDocument$AbstractElement::<init> (37 bytes)
Event: 106.014 Thread 0x0000000019605800 nmethod 3253 0x00000000031d2450 code [0x00000000031d2620, 0x00000000031d2f78]
Event: 106.015 Thread 0x0000000019605800 3254       3       javax.swing.JComponent::setInputMap (112 bytes)
Event: 106.015 Thread 0x0000000019605800 nmethod 3254 0x00000000031d3390 code [0x00000000031d3560, 0x00000000031d3d48]
Event: 106.016 Thread 0x0000000019605800 3255       3       javax.swing.InputMap::size (17 bytes)
Event: 106.017 Thread 0x0000000019605800 nmethod 3255 0x00000000031c92d0 code [0x00000000031c9440, 0x00000000031c9628]
Event: 106.017 Thread 0x0000000019605800 3256       3       javax.swing.JComponent::enable (34 bytes)
Event: 106.017 Thread 0x0000000019605800 nmethod 3256 0x00000000031d3f50 code [0x00000000031d40e0, 0x00000000031d45d8]
Event: 106.018 Thread 0x0000000019605800 3257       3       javax.swing.AbstractButton::setMargin (88 bytes)
Event: 106.018 Thread 0x0000000019605800 nmethod 3257 0x00000000031d4750 code [0x00000000031d4940, 0x00000000031d5398]

GC Heap History (6 events):
Event: 24.194 GC heap before
{Heap before GC invocations=1 (full 0):
 PSYoungGen      total 38400K, used 33280K [0x00000000d5f00000, 0x00000000d8980000, 0x0000000100000000)
  eden space 33280K, 100% used [0x00000000d5f00000,0x00000000d7f80000,0x00000000d7f80000)
  from space 5120K, 0% used [0x00000000d8480000,0x00000000d8480000,0x00000000d8980000)
  to   space 5120K, 0% used [0x00000000d7f80000,0x00000000d7f80000,0x00000000d8480000)
 ParOldGen       total 87552K, used 0K [0x0000000081c00000, 0x0000000087180000, 0x00000000d5f00000)
  object space 87552K, 0% used [0x0000000081c00000,0x0000000081c00000,0x0000000087180000)
 Metaspace       used 17478K, capacity 17790K, committed 18048K, reserved 1064960K
  class space    used 2042K, capacity 2141K, committed 2176K, reserved 1048576K
Event: 24.201 GC heap after
Heap after GC invocations=1 (full 0):
 PSYoungGen      total 38400K, used 5088K [0x00000000d5f00000, 0x00000000d8980000, 0x0000000100000000)
  eden space 33280K, 0% used [0x00000000d5f00000,0x00000000d5f00000,0x00000000d7f80000)
  from space 5120K, 99% used [0x00000000d7f80000,0x00000000d84780f0,0x00000000d8480000)
  to   space 5120K, 0% used [0x00000000d8480000,0x00000000d8480000,0x00000000d8980000)
 ParOldGen       total 87552K, used 4051K [0x0000000081c00000, 0x0000000087180000, 0x00000000d5f00000)
  object space 87552K, 4% used [0x0000000081c00000,0x0000000081ff4d90,0x0000000087180000)
 Metaspace       used 17478K, capacity 17790K, committed 18048K, reserved 1064960K
  class space    used 2042K, capacity 2141K, committed 2176K, reserved 1048576K
}
Event: 45.013 GC heap before
{Heap before GC invocations=2 (full 0):
 PSYoungGen      total 38400K, used 19080K [0x00000000d5f00000, 0x00000000d8980000, 0x0000000100000000)
  eden space 33280K, 42% used [0x00000000d5f00000,0x00000000d6caa098,0x00000000d7f80000)
  from space 5120K, 99% used [0x00000000d7f80000,0x00000000d84780f0,0x00000000d8480000)
  to   space 5120K, 0% used [0x00000000d8480000,0x00000000d8480000,0x00000000d8980000)
 ParOldGen       total 87552K, used 4051K [0x0000000081c00000, 0x0000000087180000, 0x00000000d5f00000)
  object space 87552K, 4% used [0x0000000081c00000,0x0000000081ff4d90,0x0000000087180000)
 Metaspace       used 20779K, capacity 21076K, committed 21296K, reserved 1069056K
  class space    used 2505K, capacity 2610K, committed 2688K, reserved 1048576K
Event: 45.023 GC heap after
Heap after GC invocations=2 (full 0):
 PSYoungGen      total 38400K, used 5111K [0x00000000d5f00000, 0x00000000d8980000, 0x0000000100000000)
  eden space 33280K, 0% used [0x00000000d5f00000,0x00000000d5f00000,0x00000000d7f80000)
  from space 5120K, 99% used [0x00000000d8480000,0x00000000d897dcd0,0x00000000d8980000)
  to   space 5120K, 0% used [0x00000000d7f80000,0x00000000d7f80000,0x00000000d8480000)
 ParOldGen       total 87552K, used 6656K [0x0000000081c00000, 0x0000000087180000, 0x00000000d5f00000)
  object space 87552K, 7% used [0x0000000081c00000,0x00000000822801b8,0x0000000087180000)
 Metaspace       used 20779K, capacity 21076K, committed 21296K, reserved 1069056K
  class space    used 2505K, capacity 2610K, committed 2688K, reserved 1048576K
}
Event: 45.023 GC heap before
{Heap before GC invocations=3 (full 1):
 PSYoungGen      total 38400K, used 5111K [0x00000000d5f00000, 0x00000000d8980000, 0x0000000100000000)
  eden space 33280K, 0% used [0x00000000d5f00000,0x00000000d5f00000,0x00000000d7f80000)
  from space 5120K, 99% used [0x00000000d8480000,0x00000000d897dcd0,0x00000000d8980000)
  to   space 5120K, 0% used [0x00000000d7f80000,0x00000000d7f80000,0x00000000d8480000)
 ParOldGen       total 87552K, used 6656K [0x0000000081c00000, 0x0000000087180000, 0x00000000d5f00000)
  object space 87552K, 7% used [0x0000000081c00000,0x00000000822801b8,0x0000000087180000)
 Metaspace       used 20779K, capacity 21076K, committed 21296K, reserved 1069056K
  class space    used 2505K, capacity 2610K, committed 2688K, reserved 1048576K
Event: 45.060 GC heap after
Heap after GC invocations=3 (full 1):
 PSYoungGen      total 38400K, used 0K [0x00000000d5f00000, 0x00000000d8980000, 0x0000000100000000)
  eden space 33280K, 0% used [0x00000000d5f00000,0x00000000d5f00000,0x00000000d7f80000)
  from space 5120K, 0% used [0x00000000d8480000,0x00000000d8480000,0x00000000d8980000)
  to   space 5120K, 0% used [0x00000000d7f80000,0x00000000d7f80000,0x00000000d8480000)
 ParOldGen       total 47616K, used 9423K [0x0000000081c00000, 0x0000000084a80000, 0x00000000d5f00000)
  object space 47616K, 19% used [0x0000000081c00000,0x0000000082533e68,0x0000000084a80000)
 Metaspace       used 20779K, capacity 21076K, committed 21296K, reserved 1069056K
  class space    used 2505K, capacity 2610K, committed 2688K, reserved 1048576K
}

Deoptimization events (10 events):
Event: 69.733 Thread 0x000000001a87d800 Uncommon trap: reason=class_check action=maybe_recompile pc=0x0000000002dd21f4 method=sun.awt.image.ImageDecoder.setPixels(IIIILjava/awt/image/ColorModel;[III)I @ 44
Event: 71.110 Thread 0x000000001a773000 Uncommon trap: reason=unstable_if action=reinterpret pc=0x000000000309eff8 method=javax.swing.RepaintManager.addDirtyRegion0(Ljava/awt/Container;IIII)V @ 7
Event: 71.116 Thread 0x000000001a773000 Uncommon trap: reason=unstable_if action=reinterpret pc=0x00000000030acec0 method=sun.java2d.SunGraphics2D.hitClip(IIII)Z @ 6
Event: 71.117 Thread 0x000000001a773000 Uncommon trap: reason=unstable_if action=reinterpret pc=0x00000000030abc4c method=javax.swing.SwingUtilities.computeIntersection(IIIILjava/awt/Rectangle;)Ljava/awt/Rectangle; @ 6
Event: 75.858 Thread 0x000000001a773000 Uncommon trap: reason=unstable_if action=reinterpret pc=0x0000000002fad980 method=java.util.concurrent.ConcurrentHashMap.get(Ljava/lang/Object;)Ljava/lang/Object; @ 76
Event: 82.020 Thread 0x000000001a773000 Uncommon trap: reason=class_check action=maybe_recompile pc=0x000000000315dfa0 method=java.awt.EventQueue.cacheEQItem(Lsun/awt/EventQueueItem;)V @ 20
Event: 82.543 Thread 0x000000001a773000 Uncommon trap: reason=class_check action=maybe_recompile pc=0x000000000315dfa0 method=java.awt.EventQueue.cacheEQItem(Lsun/awt/EventQueueItem;)V @ 20
Event: 82.551 Thread 0x000000001a773000 Uncommon trap: reason=class_check action=maybe_recompile pc=0x000000000315dfa0 method=java.awt.EventQueue.cacheEQItem(Lsun/awt/EventQueueItem;)V @ 20
Event: 82.727 Thread 0x000000001a773000 Uncommon trap: reason=class_check action=maybe_recompile pc=0x000000000315dfa0 method=java.awt.EventQueue.cacheEQItem(Lsun/awt/EventQueueItem;)V @ 20
Event: 83.946 Thread 0x000000001a773000 Uncommon trap: reason=unstable_if action=reinterpret pc=0x00000000031797ec method=java.awt.EventQueue.cacheEQItem(Lsun/awt/EventQueueItem;)V @ 23

Classes redefined (0 events):
No events

Internal exceptions (10 events):
Event: 18.770 Thread 0x000000001a773000 Exception <a 'java/security/PrivilegedActionException'> (0x00000000d6af3940) thrown at [C:\re\workspace\8-2-build-windows-amd64-cygwin\jdk8u231\13620\hotspot\src\share\vm\prims\jvm.cpp, line 1502]
Event: 18.770 Thread 0x000000001a773000 Exception <a 'java/security/PrivilegedActionException'> (0x00000000d6af3f20) thrown at [C:\re\workspace\8-2-build-windows-amd64-cygwin\jdk8u231\13620\hotspot\src\share\vm\prims\jvm.cpp, line 1502]
Event: 37.362 Thread 0x000000001a87c000 Exception <a 'java/io/FileNotFoundException'> (0x00000000d642efd8) thrown at [C:\re\workspace\8-2-build-windows-amd64-cygwin\jdk8u231\13620\hotspot\src\share\vm\prims\jni.cpp, line 710]
Event: 38.001 Thread 0x000000001a87c000 Exception <a 'java/lang/InterruptedException': sleep interrupted> (0x00000000d66064d8) thrown at [C:\re\workspace\8-2-build-windows-amd64-cygwin\jdk8u231\13620\hotspot\src\share\vm\prims\jvm.cpp, line 3288]
Event: 38.020 Thread 0x000000001a87c000 Exception <a 'java/lang/InterruptedException': sleep interrupted> (0x00000000d66321e8) thrown at [C:\re\workspace\8-2-build-windows-amd64-cygwin\jdk8u231\13620\hotspot\src\share\vm\prims\jvm.cpp, line 3288]
Event: 45.693 Thread 0x000000001a773000 Exception <a 'java/lang/ArrayIndexOutOfBoundsException': > (0x00000000d6156c48) thrown at [C:\re\workspace\8-2-build-windows-amd64-cygwin\jdk8u231\13620\hotspot\src\share\vm\prims\jni.cpp, line 736]
Event: 46.755 Thread 0x000000001a87d800 Implicit null exception at 0x0000000002f2a54d to 0x0000000002f2d2cd
Event: 69.641 Thread 0x000000001a87d800 Exception <a 'java/lang/InterruptedException': sleep interrupted> (0x00000000d75c07a0) thrown at [C:\re\workspace\8-2-build-windows-amd64-cygwin\jdk8u231\13620\hotspot\src\share\vm\prims\jvm.cpp, line 3288]
Event: 69.717 Thread 0x000000001a87d800 Implicit null exception at 0x0000000002f19a11 to 0x0000000002f1b2f1
Event: 69.798 Thread 0x000000001a87c000 Exception <a 'java/lang/InterruptedException': sleep interrupted> (0x00000000d7667948) thrown at [C:\re\workspace\8-2-build-windows-amd64-cygwin\jdk8u231\13620\hotspot\src\share\vm\prims\jvm.cpp, line 3288]

Events (10 events):
Event: 106.010 loading class sun/print/ServiceDialog$MarginsPanel
Event: 106.011 loading class sun/print/ServiceDialog$MarginsPanel done
Event: 106.015 loading class sun/print/ServiceDialog$AppearancePanel
Event: 106.016 loading class sun/print/ServiceDialog$AppearancePanel done
Event: 106.016 loading class sun/print/ServiceDialog$ChromaticityPanel
Event: 106.016 loading class sun/print/ServiceDialog$ChromaticityPanel done
Event: 106.017 loading class sun/print/ServiceDialog$QualityPanel
Event: 106.017 loading class sun/print/ServiceDialog$QualityPanel done
Event: 106.018 loading class sun/print/ServiceDialog$SidesPanel
Event: 106.020 loading class sun/print/ServiceDialog$SidesPanel done


Dynamic libraries:
0x00007ff6c6620000 - 0x00007ff6c6657000 	C:\Program Files\Java\jdk1.8.0_231\bin\java.exe
0x00007ffa328e0000 - 0x00007ffa32ad0000 	C:\WINDOWS\SYSTEM32\ntdll.dll
0x00007ffa31cc0000 - 0x00007ffa31d72000 	C:\WINDOWS\System32\KERNEL32.DLL
0x00007ffa2fc30000 - 0x00007ffa2fed3000 	C:\WINDOWS\System32\KERNELBASE.dll
0x00007ffa309f0000 - 0x00007ffa30a93000 	C:\WINDOWS\System32\ADVAPI32.dll
0x00007ffa30c50000 - 0x00007ffa30cee000 	C:\WINDOWS\System32\msvcrt.dll
0x00007ffa311e0000 - 0x00007ffa31277000 	C:\WINDOWS\System32\sechost.dll
0x00007ffa32180000 - 0x00007ffa322a0000 	C:\WINDOWS\System32\RPCRT4.dll
0x00007ffa32300000 - 0x00007ffa32494000 	C:\WINDOWS\System32\USER32.dll
0x00007ffa2f930000 - 0x00007ffa2f951000 	C:\WINDOWS\System32\win32u.dll
0x00007ffa32870000 - 0x00007ffa32896000 	C:\WINDOWS\System32\GDI32.dll
0x00007ffa2fee0000 - 0x00007ffa30074000 	C:\WINDOWS\System32\gdi32full.dll
0x00007ffa2f890000 - 0x00007ffa2f92e000 	C:\WINDOWS\System32\msvcp_win.dll
0x00007ffa2f960000 - 0x00007ffa2fa5a000 	C:\WINDOWS\System32\ucrtbase.dll
0x00007ffa1b6f0000 - 0x00007ffa1b975000 	C:\WINDOWS\WinSxS\amd64_microsoft.windows.common-controls_6595b64144ccf1df_6.0.18362.720_none_e6beb5c51314836b\COMCTL32.dll
0x00007ffa31e40000 - 0x00007ffa32176000 	C:\WINDOWS\System32\combase.dll
0x00007ffa2fbb0000 - 0x00007ffa2fc30000 	C:\WINDOWS\System32\bcryptPrimitives.dll
0x00007ffa31280000 - 0x00007ffa312ae000 	C:\WINDOWS\System32\IMM32.DLL
0x0000000075f50000 - 0x0000000076022000 	C:\Program Files\Java\jdk1.8.0_231\jre\bin\msvcr100.dll
0x0000000076030000 - 0x00000000768d6000 	C:\Program Files\Java\jdk1.8.0_231\jre\bin\server\jvm.dll
0x00007ffa06800000 - 0x00007ffa06809000 	C:\WINDOWS\SYSTEM32\WSOCK32.dll
0x00007ffa31b80000 - 0x00007ffa31b88000 	C:\WINDOWS\System32\PSAPI.DLL
0x00007ffa27870000 - 0x00007ffa2787a000 	C:\WINDOWS\SYSTEM32\VERSION.dll
0x00007ffa2c380000 - 0x00007ffa2c3a4000 	C:\WINDOWS\SYSTEM32\WINMM.dll
0x00007ffa31ba0000 - 0x00007ffa31c0f000 	C:\WINDOWS\System32\WS2_32.dll
0x00007ffa2c350000 - 0x00007ffa2c37d000 	C:\WINDOWS\SYSTEM32\WINMMBASE.dll
0x00007ffa30800000 - 0x00007ffa3084a000 	C:\WINDOWS\System32\cfgmgr32.dll
0x00007ffa2bf50000 - 0x00007ffa2bf5f000 	C:\Program Files\Java\jdk1.8.0_231\jre\bin\verify.dll
0x00007ffa220e0000 - 0x00007ffa22109000 	C:\Program Files\Java\jdk1.8.0_231\jre\bin\java.dll
0x00007ffa29b30000 - 0x00007ffa29b46000 	C:\Program Files\Java\jdk1.8.0_231\jre\bin\zip.dll
0x00007ffa31410000 - 0x00007ffa31af5000 	C:\WINDOWS\System32\SHELL32.dll
0x00007ffa31d90000 - 0x00007ffa31e39000 	C:\WINDOWS\System32\shcore.dll
0x00007ffa30080000 - 0x00007ffa30800000 	C:\WINDOWS\System32\windows.storage.dll
0x00007ffa2f7f0000 - 0x00007ffa2f813000 	C:\WINDOWS\System32\profapi.dll
0x00007ffa2f820000 - 0x00007ffa2f86a000 	C:\WINDOWS\System32\powrprof.dll
0x00007ffa2f7a0000 - 0x00007ffa2f7b0000 	C:\WINDOWS\System32\UMPDC.dll
0x00007ffa322a0000 - 0x00007ffa322f2000 	C:\WINDOWS\System32\shlwapi.dll
0x00007ffa2f7b0000 - 0x00007ffa2f7c1000 	C:\WINDOWS\System32\kernel.appcore.dll
0x00007ffa2f870000 - 0x00007ffa2f887000 	C:\WINDOWS\System32\cryptsp.dll
0x00007ff9d98e0000 - 0x00007ff9d9a7a000 	C:\Program Files\Java\jdk1.8.0_231\jre\bin\awt.dll
0x00007ffa32570000 - 0x00007ffa32634000 	C:\WINDOWS\System32\OLEAUT32.dll
0x00007ffa2d860000 - 0x00007ffa2d8ef000 	C:\WINDOWS\SYSTEM32\apphelp.dll
0x00007ffa2db10000 - 0x00007ffa2db3d000 	C:\WINDOWS\system32\DWMAPI.DLL
0x00007ffa2da20000 - 0x00007ffa2dab9000 	C:\WINDOWS\system32\uxtheme.dll
0x00007ffa1d8e0000 - 0x00007ffa1da36000 	C:\WINDOWS\system32\opengl32.dll
0x00007ffa29180000 - 0x00007ffa291ac000 	C:\WINDOWS\SYSTEM32\GLU32.dll
0x00007ffa2e3f0000 - 0x00007ffa2e410000 	C:\WINDOWS\SYSTEM32\dxcore.dll
0x00007ffa30b10000 - 0x00007ffa30c46000 	C:\WINDOWS\System32\MSCTF.dll
0x00007ff9e35d0000 - 0x00007ff9e3609000 	C:\Program Files\Nahimic\Nahimic2\UserInterface\x64\Nahimic2DevProps.dll
0x00007ffa312b0000 - 0x00007ffa31407000 	C:\WINDOWS\System32\ole32.dll
0x00007ff9e5fb0000 - 0x00007ff9e5ffe000 	C:\Program Files\Nahimic\Nahimic2\UserInterface\x64\Nahimic2OSD.dll
0x000000001b110000 - 0x000000001b1b2000 	C:\WINDOWS\System32\clbcatq.dll
0x00007ffa28ac0000 - 0x00007ffa28b32000 	C:\WINDOWS\System32\MMDevApi.dll
0x00007ffa2f5a0000 - 0x00007ffa2f5ca000 	C:\WINDOWS\System32\DEVOBJ.dll
0x00007ffa28c20000 - 0x00007ffa28d7d000 	C:\WINDOWS\SYSTEM32\AUDIOSES.DLL
0x00007ffa2b420000 - 0x00007ffa2b573000 	C:\WINDOWS\SYSTEM32\wintypes.dll
0x00007ffa2c080000 - 0x00007ffa2c16f000 	C:\WINDOWS\SYSTEM32\PropSys.dll
0x00007ffa21620000 - 0x00007ffa21669000 	C:\Program Files\Java\jdk1.8.0_231\jre\bin\fontmanager.dll
0x00007ffa2aa70000 - 0x00007ffa2ac1f000 	C:\WINDOWS\SYSTEM32\WindowsCodecs.dll
0x00007ffa29e50000 - 0x00007ffa29e8a000 	C:\WINDOWS\system32\dataexchange.dll
0x00007ffa2ca40000 - 0x00007ffa2cc9b000 	C:\WINDOWS\system32\d3d11.dll
0x00007ffa2d100000 - 0x00007ffa2d2db000 	C:\WINDOWS\system32\dcomp.dll
0x00007ffa2e480000 - 0x00007ffa2e56b000 	C:\WINDOWS\system32\dxgi.dll
0x00007ffa2db40000 - 0x00007ffa2dd9a000 	C:\WINDOWS\system32\twinapi.appcore.dll
0x00007ffa2e020000 - 0x00007ffa2e049000 	C:\WINDOWS\system32\RMCLIENT.dll
0x00007ffa29b90000 - 0x00007ffa29baa000 	C:\Program Files\Java\jdk1.8.0_231\jre\bin\net.dll
0x00007ffa2f010000 - 0x00007ffa2f077000 	C:\WINDOWS\system32\mswsock.dll
0x00007ffa23330000 - 0x00007ffa23342000 	C:\Program Files\Java\jdk1.8.0_231\jre\bin\nio.dll
0x00007ffa1e4c0000 - 0x00007ffa1e502000 	C:\Program Files\Java\jdk1.8.0_231\jre\bin\t2k.dll
0x00007ffa20810000 - 0x00007ffa208ae000 	C:\WINDOWS\System32\TextInputFramework.dll
0x00007ffa2d650000 - 0x00007ffa2d724000 	C:\WINDOWS\System32\CoreMessaging.dll
0x00007ffa2ad90000 - 0x00007ffa2b0ba000 	C:\WINDOWS\System32\CoreUIComponents.dll
0x00007ffa2e7e0000 - 0x00007ffa2e811000 	C:\WINDOWS\SYSTEM32\ntmarta.dll
0x00007ffa1ceb0000 - 0x00007ffa1d156000 	C:\WINDOWS\System32\iertutil.dll
0x00007ffa2ed60000 - 0x00007ffa2ee2a000 	C:\WINDOWS\SYSTEM32\DNSAPI.dll
0x00007ffa31d80000 - 0x00007ffa31d88000 	C:\WINDOWS\System32\NSI.dll
0x00007ffa2ed20000 - 0x00007ffa2ed5a000 	C:\WINDOWS\SYSTEM32\IPHLPAPI.DLL
0x00007ffa22d90000 - 0x00007ffa22d9a000 	C:\Windows\System32\rasadhlp.dll
0x00007ffa22c40000 - 0x00007ffa22cb7000 	C:\WINDOWS\System32\fwpuclnt.dll
0x00007ffa30960000 - 0x00007ffa30986000 	C:\WINDOWS\System32\bcrypt.dll
0x00007ffa22130000 - 0x00007ffa22154000 	C:\Program Files\Java\jdk1.8.0_231\jre\bin\sunec.dll
0x00007ffa22d20000 - 0x00007ffa22d36000 	C:\WINDOWS\SYSTEM32\dhcpcsvc6.DLL
0x00007ffa23310000 - 0x00007ffa2332c000 	C:\WINDOWS\SYSTEM32\dhcpcsvc.DLL
0x00007ffa2eb80000 - 0x00007ffa2ebb3000 	C:\WINDOWS\system32\rsaenh.dll
0x00007ffa2f6c0000 - 0x00007ffa2f6e5000 	C:\WINDOWS\SYSTEM32\USERENV.dll
0x00007ffa2f1e0000 - 0x00007ffa2f1ec000 	C:\WINDOWS\SYSTEM32\CRYPTBASE.dll
0x00007ffa28b40000 - 0x00007ffa28b4b000 	C:\Program Files\Java\jdk1.8.0_231\jre\bin\sunmscapi.dll
0x00007ffa2fa60000 - 0x00007ffa2fba9000 	C:\WINDOWS\System32\CRYPT32.dll
0x00007ffa2f7d0000 - 0x00007ffa2f7e2000 	C:\WINDOWS\System32\MSASN1.dll
0x00007ffa21960000 - 0x00007ffa21991000 	C:\Program Files\Java\jdk1.8.0_231\jre\bin\jpeg.dll
0x00007ffa324a0000 - 0x00007ffa32570000 	C:\WINDOWS\System32\COMDLG32.dll
0x00007ffa1e9b0000 - 0x00007ffa1ea39000 	C:\WINDOWS\SYSTEM32\WINSPOOL.DRV
0x00007ffa2aa30000 - 0x00007ffa2aa6e000 	C:\WINDOWS\System32\netprofm.dll
0x00007ffa23230000 - 0x00007ffa23240000 	C:\WINDOWS\System32\npmproxy.dll
0x00007ff9e5210000 - 0x00007ff9e557a000 	C:\WINDOWS\System32\DriverStore\FileRepository\prnms003.inf_amd64_e4ff50d4d5f8b2aa\Amd64\PrintConfig.dll
0x00007ffa21a80000 - 0x00007ffa21ab0000 	C:\WINDOWS\SYSTEM32\prntvpt.dll
0x00007ffa20bb0000 - 0x00007ffa20e09000 	C:\Windows\System32\msxml6.dll
0x00007ffa1c8e0000 - 0x00007ffa1cab5000 	C:\WINDOWS\SYSTEM32\urlmon.dll
0x00007ffa219a0000 - 0x00007ffa219b3000 	C:\Program Files\Microsoft Office\root\VFS\ProgramFilesCommonX64\Microsoft Shared\Office16\MSOXMLMF.DLL
0x00007ffa218c0000 - 0x00007ffa218d5000 	C:\Program Files\Microsoft Office\root\VFS\ProgramFilesCommonX64\Microsoft Shared\Office16\VCRUNTIME140.dll
0x00007ff9fc8d0000 - 0x00007ff9fc9a2000 	C:\Windows\System32\jscript.dll
0x00007ffa06880000 - 0x00007ffa068c6000 	C:\ProgramData\Microsoft\Windows Defender\platform\4.18.2001.10-0\MpOav.dll
0x00007ffa2f5f0000 - 0x00007ffa2f68d000 	C:\WINDOWS\SYSTEM32\sxs.dll
0x00007ff9f4500000 - 0x00007ff9f45db000 	C:\WINDOWS\System32\DriverStore\FileRepository\ntprint.inf_amd64_ce3301b66255a0fb\Amd64\mxdwdrv.dll
0x00007ffa22fa0000 - 0x00007ffa22fd5000 	C:\WINDOWS\SYSTEM32\XmlLite.dll
0x00007ffa1c580000 - 0x00007ffa1c87e000 	C:\WINDOWS\SYSTEM32\DWrite.dll
0x00007ffa22010000 - 0x00007ffa2201b000 	C:\Windows\System32\PrintWorkflowProxy.dll
0x00007ff9ebc20000 - 0x00007ff9ebe3a000 	C:\WINDOWS\SYSTEM32\opcservices.dll
0x00007ff9e3f90000 - 0x00007ff9e424f000 	C:\WINDOWS\SYSTEM32\xpsservices.dll
0x00007ffa217c0000 - 0x00007ffa217e2000 	C:\WINDOWS\system32\FontSub.dll

VM Arguments:
jvm_args: -Dfile.encoding=UTF-8 
java_command: internetcafemanagementsystem.Run
java_class_path (initial): C:\Users\Gee\Desktop\poi\commons-codec-1.10.jar;C:\Users\Gee\Desktop\poi\curvesapi-1.04.jar;C:\Users\Gee\Desktop\poi\poi-ooxml-3.15.jar;C:\Users\Gee\Desktop\poi\poi-ooxml-schemas-3.15.jar;C:\Users\Gee\Desktop\poi\rs2xml.jar;C:\Users\Gee\Desktop\poi\stax-api-1.0.1.jar;C:\Users\Gee\Desktop\poi\xmlbeans-2.6.0.jar;C:\Program Files\NetBeans 8.2\java\modules\ext\AbsoluteLayout.jar;C:\Users\Gee\Desktop\poi\commons-collections4-4.1.jar;C:\Users\Gee\Desktop\poi\mysql-connector-java-5.1.44-bin (1).jar;C:\Users\Gee\Desktop\poi\poi-3.15.jar;C:\Users\Gee\Documents\NetBeansProjects\InternetCafeManagementSystem\build\classes
Launcher Type: SUN_STANDARD

Environment Variables:
PATH=C:\Program Files (x86)\Common Files\Oracle\Java\javapath;C:\Windows\system32;C:\Windows;C:\Windows\System32\Wbem;C:\Windows\System32\WindowsPowerShell\v1.0\;C:\Windows\System32\OpenSSH\;C:\Program Files (x86)\NVIDIA Corporation\PhysX\Common;C:\Program Files\Intel\WiFi\bin\;C:\Program Files\Common Files\Intel\WirelessCommon\;C:\Program Files\Microsoft SQL Server\110\Tools\Binn\;C:\Program Files\Microsoft SQL Server\120\Tools\Binn\;C:\WINDOWS\system32;C:\WINDOWS;C:\WINDOWS\System32\Wbem;C:\WINDOWS\System32\WindowsPowerShell\v1.0\;C:\WINDOWS\System32\OpenSSH\;C:\Program Files\nodejs\;C:\Program Files\dotnet\;C:\Program Files\Microsoft SQL Server\130\Tools\Binn\;C:\Program Files\Microsoft SQL Server\Client SDK\ODBC\170\Tools\Binn\;C:\Program Files\Microsoft SQL Server\Client SDK\ODBC\130\Tools\Binn\;C:\Program Files (x86)\Microsoft SQL Server\140\Tools\Binn\;C:\Program Files\Microsoft SQL Server\140\Tools\Binn\;C:\Program Files\Microsoft SQL Server\140\DTS\Binn\;C:\Program Files (x86)\Microsoft SQL Server\150\DTS\Binn\;C:\Users\Gee\AppData\Local\Microsoft\WindowsApps;C:\Program Files\Intel\WiFi\bin\;C:\Program Files\Common Files\Intel\WirelessCommon\;C:\Users\Gee\AppData\Roaming\npm;C:\AppServ\Apache24\bin;C:\AppServ\php7;C:\AppServ\MySQL\bin
USERNAME=Gee
OS=Windows_NT
PROCESSOR_IDENTIFIER=Intel64 Family 6 Model 94 Stepping 3, GenuineIntel



---------------  S Y S T E M  ---------------

OS: Windows 10.0 , 64 bit Build 18362 (10.0.18362.329)

CPU:total 8 (initial active 8) (4 cores per cpu, 2 threads per core) family 6 model 94 stepping 3, cmov, cx8, fxsr, mmx, sse, sse2, sse3, ssse3, sse4.1, sse4.2, popcnt, avx, avx2, aes, clmul, erms, rtm, 3dnowpref, lzcnt, ht, tsc, tscinvbit, bmi1, bmi2, adx

Memory: 4k page, physical 8269268k(83052k free), swap 33435092k(5468k free)

vm_info: Java HotSpot(TM) 64-Bit Server VM (25.231-b11) for windows-amd64 JRE (1.8.0_231-b11), built on Oct  5 2019 03:11:30 by "java_re" with MS VC++ 10.0 (VS2010)

time: Wed Mar 18 17:26:35 2020
timezone: SE Asia Standard Time
elapsed time: 106 seconds (0d 0h 1m 46s)

