#
# There is insufficient memory for the Java Runtime Environment to continue.
# Native memory allocation (malloc) failed to allocate 1048576 bytes for AllocateHeap
# Possible reasons:
#   The system is out of physical RAM or swap space
#   The process is running with CompressedOops enabled, and the Java Heap may be blocking the growth of the native heap
# Possible solutions:
#   Reduce memory load on the system
#   Increase physical memory or swap space
#   Check if swap backing store is full
#   Decrease Java heap size (-Xmx/-Xms)
#   Decrease number of Java threads
#   Decrease Java thread stack sizes (-Xss)
#   Set larger code cache with -XX:ReservedCodeCacheSize=
#   JVM is running with Unscaled Compressed Oops mode in which the Java heap is
#     placed in the first 4GB address space. The Java Heap base address is the
#     maximum limit for the native heap growth. Please use -XX:HeapBaseMinAddress
#     to set the Java Heap base and to place the Java Heap above 4GB virtual address.
# This output file may be truncated or incomplete.
#
#  Out of Memory Error (memory/allocation.inline.hpp:61), pid=15132, tid=0x0000000000002134
#
# JRE version:  (8.0_231-b11) (build )
# Java VM: Java HotSpot(TM) 64-Bit Server VM (25.231-b11 mixed mode windows-amd64 compressed oops)
# Failed to write core dump. Minidumps are not enabled by default on client versions of Windows
#

---------------  T H R E A D  ---------------

Current thread (0x000000000265e800):  JavaThread "Unknown thread" [_thread_in_vm, id=8500, stack(0x00000000026a0000,0x00000000027a0000)]

Stack: [0x00000000026a0000,0x00000000027a0000]
[error occurred during error reporting (printing stack bounds), id 0xc0000005]

Native frames: (J=compiled Java code, j=interpreted, Vv=VM code, C=native code)


---------------  P R O C E S S  ---------------

Java Threads: ( => current thread )

Other Threads:

=>0x000000000265e800 (exited) JavaThread "Unknown thread" [_thread_in_vm, id=8500, stack(0x00000000026a0000,0x00000000027a0000)]

VM state:not at safepoint (normal execution)

VM Mutex/Monitor currently owned by a thread: None

heap address: 0x0000000081c00000, size: 2020 MB, Compressed Oops mode: 32-bit
Narrow klass base: 0x0000000000000000, Narrow klass shift: 3
Compressed class space size: 1073741824 Address: 0x0000000100000000

Heap:
 PSYoungGen      total 38400K, used 665K [0x00000000d5f00000, 0x00000000d8980000, 0x0000000100000000)
  eden space 33280K, 2% used [0x00000000d5f00000,0x00000000d5fa6670,0x00000000d7f80000)
  from space 5120K, 0% used [0x00000000d8480000,0x00000000d8480000,0x00000000d8980000)
  to   space 5120K, 0% used [0x00000000d7f80000,0x00000000d7f80000,0x00000000d8480000)
 ParOldGen       total 87552K, used 0K [0x0000000081c00000, 0x0000000087180000, 0x00000000d5f00000)
  object space 87552K, 0% used [0x0000000081c00000,0x0000000081c00000,0x0000000087180000)
 Metaspace       used 776K, capacity 4480K, committed 4480K, reserved 1056768K
  class space    used 76K, capacity 384K, committed 384K, reserved 1048576K

Card table byte_map: [0x0000000011c60000,0x0000000012060000] byte_map_base: 0x0000000011852000

Marking Bits: (ParMarkBitMap*) 0x0000000050cf6d90
 Begin Bits: [0x0000000012b10000, 0x0000000014aa0000)
 End Bits:   [0x0000000014aa0000, 0x0000000016a30000)

Polling page: 0x0000000000910000

CodeCache: size=245760Kb used=328Kb max_used=328Kb free=245431Kb
 bounds [0x00000000028a0000, 0x0000000002b10000, 0x00000000118a0000]
 total_blobs=58 nmethods=0 adapters=38
 compilation: enabled

Compilation events (0 events):
No events

GC Heap History (0 events):
No events

Deoptimization events (0 events):
No events

Classes redefined (0 events):
No events

Internal exceptions (0 events):
No events

Events (10 events):
Event: 0.029 loading class java/lang/Short
Event: 0.029 loading class java/lang/Short done
Event: 0.029 loading class java/lang/Integer
Event: 0.029 loading class java/lang/Integer done
Event: 0.029 loading class java/lang/Long
Event: 0.029 loading class java/lang/Long done
Event: 0.030 loading class java/lang/NullPointerException
Event: 0.030 loading class java/lang/NullPointerException done
Event: 0.030 loading class java/lang/ArithmeticException
Event: 0.030 loading class java/lang/ArithmeticException done


Dynamic libraries:
0x00007ff61ea50000 - 0x00007ff61ea87000 	C:\Program Files\Java\jdk1.8.0_231\bin\java.exe
0x00007ffacc760000 - 0x00007ffacc950000 	C:\WINDOWS\SYSTEM32\ntdll.dll
0x00007ffacbce0000 - 0x00007ffacbd92000 	C:\WINDOWS\System32\KERNEL32.DLL
0x00007ffac96f0000 - 0x00007ffac9993000 	C:\WINDOWS\System32\KERNELBASE.dll
0x00007ffacbf80000 - 0x00007ffacc023000 	C:\WINDOWS\System32\ADVAPI32.dll
0x00007ffacb9d0000 - 0x00007ffacba6e000 	C:\WINDOWS\System32\msvcrt.dll
0x00007ffacbad0000 - 0x00007ffacbb67000 	C:\WINDOWS\System32\sechost.dll
0x00007ffacb8b0000 - 0x00007ffacb9d0000 	C:\WINDOWS\System32\RPCRT4.dll
0x00007ffacaf50000 - 0x00007ffacb0e4000 	C:\WINDOWS\System32\USER32.dll
0x00007ffac99a0000 - 0x00007ffac99c1000 	C:\WINDOWS\System32\win32u.dll
0x00007ffacbda0000 - 0x00007ffacbdc6000 	C:\WINDOWS\System32\GDI32.dll
0x00007ffac9cf0000 - 0x00007ffac9e84000 	C:\WINDOWS\System32\gdi32full.dll
0x00007ffaca710000 - 0x00007ffaca7ae000 	C:\WINDOWS\System32\msvcp_win.dll
0x00007ffac9ba0000 - 0x00007ffac9c9a000 	C:\WINDOWS\System32\ucrtbase.dll
0x00007ffaa63b0000 - 0x00007ffaa6635000 	C:\WINDOWS\WinSxS\amd64_microsoft.windows.common-controls_6595b64144ccf1df_6.0.18362.720_none_e6beb5c51314836b\COMCTL32.dll
0x00007ffaca830000 - 0x00007ffacab66000 	C:\WINDOWS\System32\combase.dll
0x00007ffac99d0000 - 0x00007ffac9a50000 	C:\WINDOWS\System32\bcryptPrimitives.dll
0x00007ffacb270000 - 0x00007ffacb29e000 	C:\WINDOWS\System32\IMM32.DLL
0x00000000503f0000 - 0x00000000504c2000 	C:\Program Files\Java\jdk1.8.0_231\jre\bin\msvcr100.dll
0x00000000504d0000 - 0x0000000050d76000 	C:\Program Files\Java\jdk1.8.0_231\jre\bin\server\jvm.dll
0x00007ffacace0000 - 0x00007ffacace8000 	C:\WINDOWS\System32\PSAPI.DLL
0x00007ffac5e30000 - 0x00007ffac5e3a000 	C:\WINDOWS\SYSTEM32\VERSION.dll
0x00007ffac24e0000 - 0x00007ffac2504000 	C:\WINDOWS\SYSTEM32\WINMM.dll
0x00007ffac6020000 - 0x00007ffac6029000 	C:\WINDOWS\SYSTEM32\WSOCK32.dll
0x00007ffacbc70000 - 0x00007ffacbcdf000 	C:\WINDOWS\System32\WS2_32.dll
0x00007ffac22a0000 - 0x00007ffac22cd000 	C:\WINDOWS\SYSTEM32\WINMMBASE.dll
0x00007ffac9ca0000 - 0x00007ffac9cea000 	C:\WINDOWS\System32\cfgmgr32.dll
0x00007ffabed50000 - 0x00007ffabed5f000 	C:\Program Files\Java\jdk1.8.0_231\jre\bin\verify.dll
0x00007ffaa1e20000 - 0x00007ffaa1e49000 	C:\Program Files\Java\jdk1.8.0_231\jre\bin\java.dll
0x00007ffabe730000 - 0x00007ffabe746000 	C:\Program Files\Java\jdk1.8.0_231\jre\bin\zip.dll

VM Arguments:
jvm_args: -Dfile.encoding=UTF-8 
java_command: internetcafemanagementsystem.Run
java_class_path (initial): C:\Users\Gee\Desktop\poi\commons-codec-1.10.jar;C:\Users\Gee\Desktop\poi\curvesapi-1.04.jar;C:\Users\Gee\Desktop\poi\poi-ooxml-3.15.jar;C:\Users\Gee\Desktop\poi\poi-ooxml-schemas-3.15.jar;C:\Users\Gee\Desktop\poi\rs2xml.jar;C:\Users\Gee\Desktop\poi\stax-api-1.0.1.jar;C:\Users\Gee\Desktop\poi\xmlbeans-2.6.0.jar;C:\Program Files\NetBeans 8.2\java\modules\ext\AbsoluteLayout.jar;C:\Users\Gee\Desktop\poi\commons-collections4-4.1.jar;C:\Users\Gee\Desktop\poi\mysql-connector-java-5.1.44-bin (1).jar;C:\Users\Gee\Desktop\poi\poi-3.15.jar;C:\Users\Gee\Documents\NetBeansProjects\InternetCafeManagementSystem\build\classes
Launcher Type: SUN_STANDARD

Environment Variables:
PATH=C:\Program Files (x86)\Common Files\Oracle\Java\javapath;C:\Windows\system32;C:\Windows;C:\Windows\System32\Wbem;C:\Windows\System32\WindowsPowerShell\v1.0\;C:\Windows\System32\OpenSSH\;C:\Program Files (x86)\NVIDIA Corporation\PhysX\Common;C:\Program Files\Intel\WiFi\bin\;C:\Program Files\Common Files\Intel\WirelessCommon\;C:\Program Files\Microsoft SQL Server\110\Tools\Binn\;C:\Program Files\Microsoft SQL Server\120\Tools\Binn\;C:\WINDOWS\system32;C:\WINDOWS;C:\WINDOWS\System32\Wbem;C:\WINDOWS\System32\WindowsPowerShell\v1.0\;C:\WINDOWS\System32\OpenSSH\;C:\Program Files\nodejs\;C:\Program Files\dotnet\;C:\Program Files\Microsoft SQL Server\130\Tools\Binn\;C:\Program Files\Microsoft SQL Server\Client SDK\ODBC\170\Tools\Binn\;C:\Program Files\Microsoft SQL Server\Client SDK\ODBC\130\Tools\Binn\;C:\Program Files (x86)\Microsoft SQL Server\140\Tools\Binn\;C:\Program Files\Microsoft SQL Server\140\Tools\Binn\;C:\Program Files\Microsoft SQL Server\140\DTS\Binn\;C:\Program Files (x86)\Microsoft SQL Server\150\DTS\Binn\;C:\Users\Gee\AppData\Local\Microsoft\WindowsApps;C:\Program Files\Intel\WiFi\bin\;C:\Program Files\Common Files\Intel\WirelessCommon\;C:\Users\Gee\AppData\Roaming\npm;C:\AppServ\Apache24\bin;C:\AppServ\php7;C:\AppServ\MySQL\bin
USERNAME=Gee
OS=Windows_NT
PROCESSOR_IDENTIFIER=Intel64 Family 6 Model 94 Stepping 3, GenuineIntel



---------------  S Y S T E M  ---------------

OS: Windows 10.0 , 64 bit Build 18362 (10.0.18362.329)

CPU:total 8 (initial active 8) (4 cores per cpu, 2 threads per core) family 6 model 94 stepping 3, cmov, cx8, fxsr, mmx, sse, sse2, sse3, ssse3, sse4.1, sse4.2, popcnt, avx, avx2, aes, clmul, erms, rtm, 3dnowpref, lzcnt, ht, tsc, tscinvbit, bmi1, bmi2, adx

Memory: 4k page, physical 8269268k(954528k free), swap 33435092k(5876k free)

vm_info: Java HotSpot(TM) 64-Bit Server VM (25.231-b11) for windows-amd64 JRE (1.8.0_231-b11), built on Oct  5 2019 03:11:30 by "java_re" with MS VC++ 10.0 (VS2010)

time: Sat Mar 14 21:27:32 2020
timezone: SE Asia Standard Time
elapsed time: 0 seconds (0d 0h 0m 0s)

